<?xml version="1.0" encoding="UTF-8"?>
<!-- Generated by org.testng.reporters.JUnitXMLReporter -->
<testsuite hostname="LAPTOP-MM50KITP" ignored="0" name="Test" tests="3" failures="0" timestamp="14 Jul 2022 02:26:00 GMT" time="11.465" errors="0">
  <testcase name="TC01" time="1.006" classname="com.blazeflight.BlazeFlight"/>
  <testcase name="tc02" time="0.564" classname="com.blazeflight.BlazeFlight"/>
  <testcase name="tc03" time="4.1" classname="com.blazeflight.BlazeFlight"/>
</testsuite> <!-- Test -->
