<?xml version="1.0" encoding="UTF-8"?>
<testng-results skipped="0" failed="0" ignored="0" total="1" passed="1">
  <reporter-output>
  </reporter-output>
  <suite name="Default suite" duration-ms="9280" started-at="2022-07-25T06:46:37Z" finished-at="2022-07-25T06:46:47Z">
    <groups>
    </groups>
    <test name="Default test" duration-ms="9280" started-at="2022-07-25T06:46:37Z" finished-at="2022-07-25T06:46:47Z">
      <class name="com.blazeecommerce.Store">
        <test-method status="PASS" signature="before()[pri:0, instance:com.blazeecommerce.Store@63753b6d]" name="before" is-config="true" duration-ms="3983" started-at="2022-07-25T06:46:37Z" finished-at="2022-07-25T06:46:41Z">
          <reporter-output>
          </reporter-output>
        </test-method> <!-- before -->
        <test-method status="PASS" signature="tc01()[pri:0, instance:com.blazeecommerce.Store@63753b6d]" name="tc01" duration-ms="5281" started-at="2022-07-25T06:46:41Z" finished-at="2022-07-25T06:46:47Z">
          <reporter-output>
          </reporter-output>
        </test-method> <!-- tc01 -->
      </class> <!-- com.blazeecommerce.Store -->
    </test> <!-- Default test -->
  </suite> <!-- Default suite -->
</testng-results>
